<?xml version="1.0" encoding="UTF-8"?>
<testsuite xmlns:xsi="http://www.w3.org/2001/XMLSchema-instance" xsi:noNamespaceSchemaLocation="https://maven.apache.org/surefire/maven-surefire-plugin/xsd/surefire-test-report.xsd" version="3.0.2" name="ai.toolkit.mcp.tool.AnalyzeThreadDumpToolTest" time="1.788" tests="3" errors="0" skipped="0" failures="0">
  <properties>
[...]
</properties>
  <testcase name="testAnalyzeThreadDumpBasic" classname="ai.toolkit.mcp.tool.AnalyzeThreadDumpToolTest" time="0.365">
    <system-out><![CDATA[
  .   ____          _            __ _ _
 /\\ / ___'_ __ _ _(_)_ __  __ _ \ \ \ \
( ( )\___ | '_ | '_| | '_ \/ _` | \ \ \ \
 \\/  ___)| |_)| | | | | || (_| |  ) ) ) )
  '  |____| .__|_| |_|_| |_\__, | / / / /
 =========|_|==============|___/=/_/_/_/

 :: Spring Boot ::                (v3.5.0)

2026-07-14T17:14:21.645-04:00  INFO 39494 --- [springboot-mcp-toolkit] [           main] a.t.mcp.tool.AnalyzeThreadDumpToolTest   : Starting AnalyzeThreadDumpToolTest using Java 21.0.3 with PID 39494 (started by sunny in /Users/sunny/springboot-mcp-toolkit)
2026-07-14T17:14:21.646-04:00  INFO 39494 --- [springboot-mcp-toolkit] [           main] a.t.mcp.tool.AnalyzeThreadDumpToolTest   : No active profile set, falling back to 1 default profile: "default"
2026-07-14T17:14:22.055-04:00  WARN 39494 --- [springboot-mcp-toolkit] [           main] trationDelegate$BeanPostProcessorChecker : Bean 'org.springframework.ai.mcp.server.common.autoconfigure.annotations.McpServerAnnotationScannerAutoConfiguration' of type [org.springframework.ai.mcp.server.common.autoconfigure.annotations.McpServerAnnotationScannerAutoConfiguration] is not eligible for getting processed by all BeanPostProcessors (for example: not eligible for auto-proxying). Is this bean getting eagerly injected/applied to a currently created BeanPostProcessor [serverAnnotatedMethodBeanPostProcessor]? Check the corresponding BeanPostProcessor declaration and its dependencies/advisors. If this bean does not have to be post-processed, declare it with ROLE_INFRASTRUCTURE.
2026-07-14T17:14:22.096-04:00  WARN 39494 --- [springboot-mcp-toolkit] [           main] trationDelegate$BeanPostProcessorChecker : Bean 'serverAnnotatedBeanRegistry' of type [org.springframework.ai.mcp.server.common.autoconfigure.annotations.McpServerAnnotationScannerAutoConfiguration$ServerMcpAnnotatedBeans] is not eligible for getting processed by all BeanPostProcessors (for example: not eligible for auto-proxying). Is this bean getting eagerly injected/applied to a currently created BeanPostProcessor [serverAnnotatedMethodBeanPostProcessor]? Check the corresponding BeanPostProcessor declaration and its dependencies/advisors. If this bean does not have to be post-processed, declare it with ROLE_INFRASTRUCTURE.
2026-07-14T17:14:22.100-04:00  WARN 39494 --- [springboot-mcp-toolkit] [           main] trationDelegate$BeanPostProcessorChecker : Bean 'spring.ai.mcp.server.annotation-scanner-org.springframework.ai.mcp.server.common.autoconfigure.annotations.McpServerAnnotationScannerProperties' of type [org.springframework.ai.mcp.server.common.autoconfigure.annotations.McpServerAnnotationScannerProperties] is not eligible for getting processed by all BeanPostProcessors (for example: not eligible for auto-proxying). Is this bean getting eagerly injected/applied to a currently created BeanPostProcessor [serverAnnotatedMethodBeanPostProcessor]? Check the corresponding BeanPostProcessor declaration and its dependencies/advisors. If this bean does not have to be post-processed, declare it with ROLE_INFRASTRUCTURE.
2026-07-14T17:14:22.179-04:00  INFO 39494 --- [springboot-mcp-toolkit] [           main] o.s.b.w.embedded.tomcat.TomcatWebServer  : Tomcat initialized with port 0 (http)
2026-07-14T17:14:22.185-04:00  INFO 39494 --- [springboot-mcp-toolkit] [           main] o.apache.catalina.core.StandardService   : Starting service [Tomcat]
2026-07-14T17:14:22.185-04:00  INFO 39494 --- [springboot-mcp-toolkit] [           main] o.apache.catalina.core.StandardEngine    : Starting Servlet engine: [Apache Tomcat/10.1.41]
2026-07-14T17:14:22.201-04:00  INFO 39494 --- [springboot-mcp-toolkit] [           main] o.a.c.c.C.[Tomcat].[localhost].[/]       : Initializing Spring embedded WebApplicationContext
2026-07-14T17:14:22.201-04:00  INFO 39494 --- [springboot-mcp-toolkit] [           main] w.s.c.ServletWebServerApplicationContext : Root WebApplicationContext: initialization completed in 549 ms
2026-07-14T17:14:22.276-04:00  INFO 39494 --- [springboot-mcp-toolkit] [           main] com.zaxxer.hikari.HikariDataSource       : HikariPool-1 - Starting...
2026-07-14T17:14:22.345-04:00  INFO 39494 --- [springboot-mcp-toolkit] [           main] com.zaxxer.hikari.pool.HikariPool        : HikariPool-1 - Added connection conn0: url=jdbc:h2:mem:testdb_2b601daf-3c39-4adb-9811-4e44a455707c user=SA
2026-07-14T17:14:22.346-04:00  INFO 39494 --- [springboot-mcp-toolkit] [           main] com.zaxxer.hikari.HikariDataSource       : HikariPool-1 - Start completed.
2026-07-14T17:14:22.614-04:00  WARN 39494 --- [springboot-mcp-toolkit] [           main] o.s.m.provider.tool.SyncMcpToolProvider  : No tool methods found in the provided tool objects: []
2026-07-14T17:14:22.618-04:00  INFO 39494 --- [springboot-mcp-toolkit] [           main] o.s.a.m.s.c.a.McpServerAutoConfiguration : Enable tools capabilities, notification: true
2026-07-14T17:14:22.618-04:00  INFO 39494 --- [springboot-mcp-toolkit] [           main] o.s.a.m.s.c.a.McpServerAutoConfiguration : Enable resources capabilities, notification: true
2026-07-14T17:14:22.618-04:00  INFO 39494 --- [springboot-mcp-toolkit] [           main] o.s.a.m.s.c.a.McpServerAutoConfiguration : Enable resources templates capabilities, notification: true
2026-07-14T17:14:22.619-04:00  INFO 39494 --- [springboot-mcp-toolkit] [           main] o.s.a.m.s.c.a.McpServerAutoConfiguration : Enable prompts capabilities, notification: true
2026-07-14T17:14:22.619-04:00  INFO 39494 --- [springboot-mcp-toolkit] [           main] o.s.a.m.s.c.a.McpServerAutoConfiguration : Enable completions capabilities
2026-07-14T17:14:22.700-04:00  INFO 39494 --- [springboot-mcp-toolkit] [           main] o.s.b.a.e.web.EndpointLinksResolver      : Exposing 2 endpoints beneath base path '/actuator'
2026-07-14T17:14:22.732-04:00  INFO 39494 --- [springboot-mcp-toolkit] [           main] o.s.b.w.embedded.tomcat.TomcatWebServer  : Tomcat started on port 64093 (http) with context path '/'
2026-07-14T17:14:22.739-04:00  INFO 39494 --- [springboot-mcp-toolkit] [           main] a.t.mcp.tool.AnalyzeThreadDumpToolTest   : Started AnalyzeThreadDumpToolTest in 1.254 seconds (process running for 1.633)
]]></system-out>
    <system-err><![CDATA[Mockito is currently self-attaching to enable the inline-mock-maker. This will no longer work in future releases of the JDK. Please add Mockito as an agent to your build as described in Mockito's documentation: https://javadoc.io/doc/org.mockito/mockito-core/latest/org.mockito/org/mockito/Mockito.html#0.3
WARNING: A Java agent has been loaded dynamically (/Users/sunny/.m2/repository/net/bytebuddy/byte-buddy-agent/1.17.5/byte-buddy-agent-1.17.5.jar)
WARNING: If a serviceability tool is in use, please run with -XX:+EnableDynamicAgentLoading to hide this warning
WARNING: If a serviceability tool is not in use, please run with -Djdk.instrument.traceUsage for more information
WARNING: Dynamic loading of agents will be disallowed by default in a future release
]]></system-err>
  </testcase>
  <testcase name="testAnalyzeThreadDumpWithCustomThreshold" classname="ai.toolkit.mcp.tool.AnalyzeThreadDumpToolTest" time="0.002"/>
  <testcase name="testAnalyzeThreadDumpNoDeadlocks" classname="ai.toolkit.mcp.tool.AnalyzeThreadDumpToolTest" time="0.002"/>
</testsuite>