<?xml version="1.0" encoding="UTF-8"?>
<testsuite xmlns:xsi="http://www.w3.org/2001/XMLSchema-instance" xsi:noNamespaceSchemaLocation="https://maven.apache.org/surefire/maven-surefire-plugin/xsd/surefire-test-report.xsd" version="3.0.2" name="ai.toolkit.mcp.tool.AnalyzeRecentLogsToolTest" time="0.029" tests="3" errors="0" skipped="0" failures="0">
  <properties>
[...]
</properties>
  <testcase name="testAnalyzeRecentLogsWithPattern(Path)" classname="ai.toolkit.mcp.tool.AnalyzeRecentLogsToolTest" time="0.012"/>
  <testcase name="testAnalyzeRecentLogsEmptyFile(Path)" classname="ai.toolkit.mcp.tool.AnalyzeRecentLogsToolTest" time="0.007"/>
  <testcase name="testAnalyzeRecentLogsWithErrors(Path)" classname="ai.toolkit.mcp.tool.AnalyzeRecentLogsToolTest" time="0.006"/>
</testsuite>